<?xml version="1.0" encoding="UTF-8"?>
<testng-results skipped="0" failed="0" ignored="0" total="1" passed="1">
  <reporter-output>
  </reporter-output>
  <suite name="Default suite" duration-ms="17977" started-at="2021-10-05T21:35:03 IST" finished-at="2021-10-05T21:35:21 IST">
    <groups>
      <group name="cucumber">
        <method signature="AbstractTestNGCucumberTests.runScenario(io.cucumber.testng.PickleWrapper,io.cucumber.testng.FeatureWrapper)[pri:0, instance:runners.BlazeDemo_TestRunner@543c6f6d]" name="runScenario" class="io.cucumber.testng.AbstractTestNGCucumberTests"/>
      </group> <!-- cucumber -->
    </groups>
    <test name="Default test" duration-ms="17977" started-at="2021-10-05T21:35:03 IST" finished-at="2021-10-05T21:35:21 IST">
      <class name="runners.BlazeDemo_TestRunner">
        <test-method status="PASS" signature="setUpClass()[pri:0, instance:runners.BlazeDemo_TestRunner@543c6f6d]" name="setUpClass" is-config="true" duration-ms="1551" started-at="2021-10-05T21:35:03 IST" finished-at="2021-10-05T21:35:04 IST">
          <reporter-output>
          </reporter-output>
        </test-method> <!-- setUpClass -->
        <test-method status="PASS" signature="runScenario(io.cucumber.testng.PickleWrapper,io.cucumber.testng.FeatureWrapper)[pri:0, instance:runners.BlazeDemo_TestRunner@543c6f6d]" name="runScenario" duration-ms="15338" started-at="2021-10-05T21:35:04 IST" description="Runs Cucumber Scenarios" data-provider="scenarios" finished-at="2021-10-05T21:35:20 IST">
          <params>
            <param index="0">
              <value>
                <![CDATA["Enter required form fields and verify the confirmation id"]]>
              </value>
            </param>
            <param index="1">
              <value>
                <![CDATA["Optional[Acceptance testing to validate the flight booking process on BlazeDemo page with form fields entry and]"]]>
              </value>
            </param>
          </params>
          <reporter-output>
          </reporter-output>
        </test-method> <!-- runScenario -->
        <test-method status="PASS" signature="tearDownClass()[pri:0, instance:runners.BlazeDemo_TestRunner@543c6f6d]" name="tearDownClass" is-config="true" duration-ms="1018" started-at="2021-10-05T21:35:20 IST" finished-at="2021-10-05T21:35:21 IST">
          <reporter-output>
          </reporter-output>
        </test-method> <!-- tearDownClass -->
      </class> <!-- runners.BlazeDemo_TestRunner -->
    </test> <!-- Default test -->
  </suite> <!-- Default suite -->
</testng-results>
